<?xml version="1.0" encoding="UTF-8"?>
<testng-results ignored="0" total="1" passed="1" failed="0" skipped="0">
  <reporter-output>
  </reporter-output>
  <suite started-at="2024-03-12T12:58:19 IST" name="Default suite" finished-at="2024-03-12T12:58:29 IST" duration-ms="10592">
    <groups>
      <group name="cucumber">
        <method signature="AbstractTestNGCucumberTests.runScenario(io.cucumber.testng.PickleWrapper, io.cucumber.testng.FeatureWrapper)[pri:0, instance:Runner.Runnerlogin@2053d869]" name="runScenario" class="io.cucumber.testng.AbstractTestNGCucumberTests"/>
      </group> <!-- cucumber -->
    </groups>
    <test started-at="2024-03-12T12:58:19 IST" name="Default test" finished-at="2024-03-12T12:58:29 IST" duration-ms="10592">
      <class name="Runner.Runnerlogin">
        <test-method is-config="true" signature="setUpClass()[pri:0, instance:Runner.Runnerlogin@2053d869]" started-at="2024-03-12T12:58:19 IST" name="setUpClass" finished-at="2024-03-12T12:58:20 IST" duration-ms="1003" status="PASS">
          <reporter-output>
          </reporter-output>
        </test-method> <!-- setUpClass -->
        <test-method signature="runScenario(io.cucumber.testng.PickleWrapper, io.cucumber.testng.FeatureWrapper)[pri:0, instance:Runner.Runnerlogin@2053d869]" started-at="2024-03-12T12:58:20 IST" name="runScenario" description="Runs Cucumber Scenarios" data-provider="scenarios" finished-at="2024-03-12T12:58:29 IST" duration-ms="9444" status="PASS">
          <params>
            <param index="0">
              <value>
                <![CDATA["validating login page"]]>
              </value>
            </param>
            <param index="1">
              <value>
                <![CDATA["Optional[Login feature]"]]>
              </value>
            </param>
          </params>
          <reporter-output>
          </reporter-output>
        </test-method> <!-- runScenario -->
        <test-method is-config="true" signature="tearDownClass()[pri:0, instance:Runner.Runnerlogin@2053d869]" started-at="2024-03-12T12:58:29 IST" name="tearDownClass" finished-at="2024-03-12T12:58:29 IST" duration-ms="43" status="PASS">
          <reporter-output>
          </reporter-output>
        </test-method> <!-- tearDownClass -->
      </class> <!-- Runner.Runnerlogin -->
    </test> <!-- Default test -->
  </suite> <!-- Default suite -->
</testng-results>
